
> billing-app@0.1.0 build
> next build

⚠ Warning: Next.js inferred your workspace root, but it may not be correct.
 We detected multiple lockfiles and selected the directory of C:\Users\Lenovo\package-lock.json as the root directory.
 To silence this warning, set `turbopack.root` in your Next.js config, or consider removing one of the lockfiles if it's not needed.
   See https://nextjs.org/docs/app/api-reference/config/next-config-js/turbopack#root-directory for more information.
 Detected additional lockfiles: 
   * C:\Users\Lenovo\OneDrive\Desktop\BillingSystem\billing-app\package-lock.json

▲ Next.js 16.2.1 (Turbopack)
- Environments: .env

  Creating an optimized production build ...
✓ Compiled successfully in 4.5s
  Running TypeScript ...
Failed to type check.

./prisma.config.ts:4:30
Type error: Cannot find module 'prisma/config' or its corresponding type declarations.

  [90m2 |[0m [90m// npm install --save-dev prisma dotenv[0m
  [90m3 |[0m [36mimport[0m [32m"dotenv/config"[0m;
[31m[1m>[0m [90m4 |[0m [36mimport[0m { defineConfig } [36mfrom[0m [32m"prisma/config"[0m;
  [90m  |[0m                              [31m[1m^[0m
  [90m5 |[0m
  [90m6 |[0m [36mexport[0m [36mdefault[0m defineConfig({
  [90m7 |[0m   schema: [32m"prisma/schema.prisma"[0m,
Next.js build worker exited with code: 1 and signal: null
