
> billing-app@0.1.0 build
> next build

⚠ Warning: Next.js inferred your workspace root, but it may not be correct.
 We detected multiple lockfiles and selected the directory of C:\Users\Lenovo\package-lock.json as the root directory.
 To silence this warning, set `turbopack.root` in your Next.js config, or consider removing one of the lockfiles if it's not needed.
   See https://nextjs.org/docs/app/api-reference/config/next-config-js/turbopack#root-directory for more information.
 Detected additional lockfiles: 
   * C:\Users\Lenovo\OneDrive\Desktop\BillingSystem\billing-app\package-lock.json

▲ Next.js 16.2.1 (Turbopack)
- Environments: .env

  Creating an optimized production build ...
✓ Compiled successfully in 4.7s
  Running TypeScript ...
Failed to type check.

.next/types/validator.ts:90:31
Type error: Type 'typeof import("C:/Users/Lenovo/OneDrive/Desktop/BillingSystem/billing-app/src/app/api/customers/[id]/route")' does not satisfy the constraint 'RouteHandlerConfig<"/api/customers/[id]">'.
  Types of property 'PUT' are incompatible.
    Type '(request: Request, { params }: { params: { id: string; }; }) => Promise<NextResponse<any>>' is not assignable to type '(request: NextRequest, context: { params: Promise<{ id: string; }>; }) => void | Response | Promise<void | Response>'.
      Types of parameters '__1' and 'context' are incompatible.
        Type '{ params: Promise<{ id: string; }>; }' is not assignable to type '{ params: { id: string; }; }'.
          Types of property 'params' are incompatible.
            Property 'id' is missing in type 'Promise<{ id: string; }>' but required in type '{ id: string; }'.

  [90m88 |[0m   [36mtype[0m __IsExpected<[33mSpecific[0m [36mextends[0m [33mRouteHandlerConfig[0m<[32m"/api/customers/[id]"[0m>> = [33mSpecific[0m
  [90m89 |[0m   [36mconst[0m handler = {} [36mas[0m [36mtypeof[0m [36mimport[0m([32m"../../src/app/api/customers/[id]/route.js"[0m)
[31m[1m>[0m [90m90 |[0m   [36mtype[0m __Check = __IsExpected<[36mtypeof[0m handler>
  [90m   |[0m                               [31m[1m^[0m
  [90m91 |[0m   [90m// @ts-ignore[0m
  [90m92 |[0m   [36mtype[0m __Unused = __Check
  [90m93 |[0m }
Next.js build worker exited with code: 1 and signal: null
