
> billing-app@0.1.0 build
> next build

⚠ Warning: Next.js inferred your workspace root, but it may not be correct.
 We detected multiple lockfiles and selected the directory of C:\Users\Lenovo\package-lock.json as the root directory.
 To silence this warning, set `turbopack.root` in your Next.js config, or consider removing one of the lockfiles if it's not needed.
   See https://nextjs.org/docs/app/api-reference/config/next-config-js/turbopack#root-directory for more information.
 Detected additional lockfiles: 
   * C:\Users\Lenovo\OneDrive\Desktop\BillingSystem\billing-app\package-lock.json

▲ Next.js 16.2.1 (Turbopack)
- Environments: .env

  Creating an optimized production build ...
✓ Compiled successfully in 4.5s
  Running TypeScript ...
Failed to type check.

./src/app/api/orders/route.ts:14:52
Type error: Parameter 'tx' implicitly has an 'any' type.

  [90m12 |[0m
  [90m13 |[0m     [90m// Process inside a transaction[0m
[31m[1m>[0m [90m14 |[0m     [36mconst[0m order = [36mawait[0m prisma.$transaction([36masync[0m (tx) => {
  [90m   |[0m                                                    [31m[1m^[0m
  [90m15 |[0m       [90m// 1. Create the Order[0m
  [90m16 |[0m       [36mconst[0m newOrder = [36mawait[0m tx.order.create({
  [90m17 |[0m         data: {
Next.js build worker exited with code: 1 and signal: null
